<?xml version="1.0" encoding="UTF-8"?>
<testsuite name="com.rentex.rental.service.RentalServiceTest" tests="1" skipped="0" failures="0" errors="0" timestamp="2025-08-07T03:42:16.401Z" hostname="DESKTOP-BAFCOBJ" time="0.557">
  <properties/>
  <testcase name="requestRental_success()" classname="com.rentex.rental.service.RentalServiceTest" time="0.557"/>
  <system-out><![CDATA[12:42:11.244 [Test worker] INFO org.springframework.test.context.support.AnnotationConfigContextLoaderUtils -- Could not detect default configuration classes for test class [com.rentex.rental.service.RentalServiceTest]: RentalServiceTest does not declare any static, non-private, non-final, nested classes annotated with @Configuration.
12:42:11.372 [Test worker] INFO org.springframework.boot.test.context.SpringBootTestContextBootstrapper -- Found @SpringBootConfiguration com.rentex.RentexApplication for test class com.rentex.rental.service.RentalServiceTest

  .   ____          _            __ _ _
 /\\ / ___'_ __ _ _(_)_ __  __ _ \ \ \ \
( ( )\___ | '_ | '_| | '_ \/ _` | \ \ \ \
 \\/  ___)| |_)| | | | | || (_| |  ) ) ) )
  '  |____| .__|_| |_|_| |_\__, | / / / /
 =========|_|==============|___/=/_/_/_/

 :: Spring Boot ::                (v3.5.4)

2025-08-07T12:42:11.828+09:00  INFO 7520 --- [rentex] [    Test worker] c.r.rental.service.RentalServiceTest     : Starting RentalServiceTest using Java 17.0.15 with PID 7520 (started by it in C:\Users\it\Documents\Rentex\rentex)
2025-08-07T12:42:11.830+09:00  INFO 7520 --- [rentex] [    Test worker] c.r.rental.service.RentalServiceTest     : No active profile set, falling back to 1 default profile: "default"
2025-08-07T12:42:12.470+09:00  INFO 7520 --- [rentex] [    Test worker] .s.d.r.c.RepositoryConfigurationDelegate : Bootstrapping Spring Data JPA repositories in DEFAULT mode.
2025-08-07T12:42:12.548+09:00  INFO 7520 --- [rentex] [    Test worker] .s.d.r.c.RepositoryConfigurationDelegate : Finished Spring Data repository scanning in 68 ms. Found 6 JPA repository interfaces.
2025-08-07T12:42:13.090+09:00  INFO 7520 --- [rentex] [    Test worker] o.hibernate.jpa.internal.util.LogHelper  : HHH000204: Processing PersistenceUnitInfo [name: default]
2025-08-07T12:42:13.145+09:00  INFO 7520 --- [rentex] [    Test worker] org.hibernate.Version                    : HHH000412: Hibernate ORM core version 6.6.22.Final
2025-08-07T12:42:13.178+09:00  INFO 7520 --- [rentex] [    Test worker] o.h.c.internal.RegionFactoryInitiator    : HHH000026: Second-level cache disabled
2025-08-07T12:42:13.440+09:00  INFO 7520 --- [rentex] [    Test worker] o.s.o.j.p.SpringPersistenceUnitInfo      : No LoadTimeWeaver setup: ignoring JPA class transformer
2025-08-07T12:42:13.466+09:00  INFO 7520 --- [rentex] [    Test worker] com.zaxxer.hikari.HikariDataSource       : HikariPool-1 - Starting...
2025-08-07T12:42:13.535+09:00  INFO 7520 --- [rentex] [    Test worker] com.zaxxer.hikari.pool.HikariPool        : HikariPool-1 - Added connection org.mariadb.jdbc.Connection@a7ae340
2025-08-07T12:42:13.536+09:00  INFO 7520 --- [rentex] [    Test worker] com.zaxxer.hikari.HikariDataSource       : HikariPool-1 - Start completed.
2025-08-07T12:42:13.559+09:00  WARN 7520 --- [rentex] [    Test worker] org.hibernate.orm.deprecation            : HHH90000025: MariaDBDialect does not need to be specified explicitly using 'hibernate.dialect' (remove the property setting and it will be selected by default)
2025-08-07T12:42:13.575+09:00  INFO 7520 --- [rentex] [    Test worker] org.hibernate.orm.connections.pooling    : HHH10001005: Database info:
	Database JDBC URL [Connecting through datasource 'HikariDataSource (HikariPool-1)']
	Database driver: undefined/unknown
	Database version: 11.8.2
	Autocommit mode: undefined/unknown
	Isolation level: undefined/unknown
	Minimum pool size: undefined/unknown
	Maximum pool size: undefined/unknown
2025-08-07T12:42:14.436+09:00  INFO 7520 --- [rentex] [    Test worker] o.h.e.t.j.p.i.JtaPlatformInitiator       : HHH000489: No JTA platform available (set 'hibernate.transaction.jta.platform' to enable JTA platform integration)
2025-08-07T12:42:14.499+09:00  INFO 7520 --- [rentex] [    Test worker] j.LocalContainerEntityManagerFactoryBean : Initialized JPA EntityManagerFactory for persistence unit 'default'
2025-08-07T12:42:14.802+09:00  INFO 7520 --- [rentex] [    Test worker] o.s.d.j.r.query.QueryEnhancerFactory     : Hibernate is in classpath; If applicable, HQL parser will be used.
2025-08-07T12:42:15.730+09:00  WARN 7520 --- [rentex] [    Test worker] JpaBaseConfiguration$JpaWebConfiguration : spring.jpa.open-in-view is enabled by default. Therefore, database queries may be performed during view rendering. Explicitly configure spring.jpa.open-in-view to disable this warning
2025-08-07T12:42:15.765+09:00  WARN 7520 --- [rentex] [    Test worker] .s.s.UserDetailsServiceAutoConfiguration : 

Using generated security password: aeb2488b-7713-4499-8989-673f3dc65b6a

This generated password is for development use only. Your security configuration must be updated before running your application in production.

2025-08-07T12:42:15.773+09:00  INFO 7520 --- [rentex] [    Test worker] r$InitializeUserDetailsManagerConfigurer : Global AuthenticationManager configured with UserDetailsService bean with name inMemoryUserDetailsManager
2025-08-07T12:42:16.388+09:00  INFO 7520 --- [rentex] [    Test worker] c.r.rental.service.RentalServiceTest     : Started RentalServiceTest in 4.841 seconds (process running for 5.907)
Hibernate: 
    insert 
    into
        partner
        (business_no, contact_email, contact_phone, created_at, name, updated_at) 
    values
        (?, ?, ?, ?, ?, ?)
Hibernate: 
    insert 
    into
        user
        (created_at, email, name, nickname, password, role, updated_at) 
    values
        (?, ?, ?, ?, ?, ?, ?)
Hibernate: 
    insert 
    into
        item
        (created_at, daily_price, description, name, partner_id, status, stock_quantity, thumbnail_url, updated_at) 
    values
        (?, ?, ?, ?, ?, ?, ?, ?, ?)
Hibernate: 
    select
        r1_0.id 
    from
        rental r1_0 
    where
        r1_0.item_id=? 
        and r1_0.status in (?, ?, ?) 
    limit
        ?
Hibernate: 
    insert 
    into
        rental
        (created_at, end_date, is_overdue, item_id, partner_received_at, partner_return_checked_at, quantity, received_by_partner, rented_at, return_checked_by_partner, returned_at, start_date, status, updated_at, user_id) 
    values
        (?, ?, ?, ?, ?, ?, ?, ?, ?, ?, ?, ?, ?, ?, ?)
Hibernate: 
    insert 
    into
        rental_history
        (actor, changed_at, created_at, description, from_status, rental_id, to_status, updated_at) 
    values
        (?, ?, ?, ?, ?, ?, ?, ?)
Hibernate: 
    select
        r1_0.id,
        r1_0.created_at,
        r1_0.end_date,
        r1_0.is_overdue,
        r1_0.item_id,
        r1_0.partner_received_at,
        r1_0.partner_return_checked_at,
        r1_0.quantity,
        r1_0.received_by_partner,
        r1_0.rented_at,
        r1_0.return_checked_by_partner,
        r1_0.returned_at,
        r1_0.start_date,
        r1_0.status,
        r1_0.updated_at,
        r1_0.user_id 
    from
        rental r1_0 
    left join
        user u1_0 
            on u1_0.id=r1_0.user_id 
    where
        u1_0.id=?
]]></system-out>
  <system-err><![CDATA[]]></system-err>
</testsuite>
